<?xml version="1.0" encoding="UTF-8"?>
<testsuite xmlns:xsi="http://www.w3.org/2001/XMLSchema-instance" xsi:noNamespaceSchemaLocation="https://maven.apache.org/surefire/maven-surefire-plugin/xsd/surefire-test-report-3.0.xsd" version="3.0" name="com.pornchitar.usermanagementproject.UserServiceTest" time="0.109" tests="4" errors="0" skipped="0" failures="0">
  <properties>
[...]
</properties>
  <testcase name="testGetUsers" classname="com.pornchitar.usermanagementproject.UserServiceTest" time="0.047">
    <system-out><![CDATA[getUsers
]]></system-out>
  </testcase>
  <testcase name="testAddUser" classname="com.pornchitar.usermanagementproject.UserServiceTest" time="0.005">
    <system-out><![CDATA[addUser
]]></system-out>
  </testcase>
  <testcase name="testGetSize" classname="com.pornchitar.usermanagementproject.UserServiceTest" time="0.005">
    <system-out><![CDATA[getSize
]]></system-out>
  </testcase>
  <testcase name="testGetUser" classname="com.pornchitar.usermanagementproject.UserServiceTest" time="0.005">
    <system-out><![CDATA[getUser
]]></system-out>
  </testcase>
</testsuite>